Build started 15/03/2021 8:28:09 AM.
     1>Project "D:\Visual Studio 2010\Projects\btthc3\btthc3\btthc3.vcxproj" on node 2 (build target(s)).
     1>InitializeBuildStatus:
         Creating "Debug\btthc3.unsuccessfulbuild" because "AlwaysCreate" was specified.
       ClCompile:
         C:\Program Files (x86)\Microsoft Visual Studio 10.0\VC\bin\CL.exe /c /ZI /nologo /W3 /WX- /Od /Oy- /D _MBCS /Gm /EHsc /RTC1 /MDd /GS /fp:precise /Zc:wchar_t /Zc:forScope /Fo"Debug\\" /Fd"Debug\vc100.pdb" /Gd /TP /analyze- /errorReport:prompt bt4.cpp
         bt4.cpp
       Link:
         C:\Program Files (x86)\Microsoft Visual Studio 10.0\VC\bin\link.exe /ERRORREPORT:PROMPT /OUT:"D:\Visual Studio 2010\Projects\btthc3\Debug\btthc3.exe" /NOLOGO kernel32.lib user32.lib gdi32.lib winspool.lib comdlg32.lib advapi32.lib shell32.lib ole32.lib oleaut32.lib uuid.lib odbc32.lib odbccp32.lib /MANIFEST /ManifestFile:"Debug\btthc3.exe.intermediate.manifest" /MANIFESTUAC:"level='asInvoker' uiAccess='false'" /DEBUG /PDB:"D:\Visual Studio 2010\Projects\btthc3\Debug\btthc3.pdb" /TLBID:1 /DYNAMICBASE /NXCOMPAT /IMPLIB:"D:\Visual Studio 2010\Projects\btthc3\Debug\btthc3.lib" /MACHINE:X86 Debug\bt1.obj
         Debug\bt2.obj
         Debug\bt4.obj
         LINK : D:\Visual Studio 2010\Projects\btthc3\Debug\btthc3.exe not found or not built by the last incremental link; performing full link
         btthc3.vcxproj -> D:\Visual Studio 2010\Projects\btthc3\Debug\btthc3.exe
       Manifest:
         C:\Program Files (x86)\Microsoft SDKs\Windows\v7.0A\bin\mt.exe /nologo /verbose /outputresource:"D:\Visual Studio 2010\Projects\btthc3\Debug\btthc3.exe;#1" /manifest Debug\btthc3.exe.intermediate.manifest
       FinalizeBuildStatus:
         Deleting file "Debug\btthc3.unsuccessfulbuild".
         Touching "Debug\btthc3.lastbuildstate".
     1>Done Building Project "D:\Visual Studio 2010\Projects\btthc3\btthc3\btthc3.vcxproj" (build target(s)).

Build succeeded.

Time Elapsed 00:00:00.60
