Build started 08/03/2021 10:31:53 AM.
     1>Project "D:\Visual Studio 2010\Projects\DeQuy\DeQuy\DeQuy.vcxproj" on node 2 (build target(s)).
     1>InitializeBuildStatus:
         Creating "Debug\DeQuy.unsuccessfulbuild" because "AlwaysCreate" was specified.
       ClCompile:
         C:\Program Files (x86)\Microsoft Visual Studio 10.0\VC\bin\CL.exe /c /ZI /nologo /W3 /WX- /Od /Oy- /D _MBCS /Gm /EHsc /RTC1 /MDd /GS /fp:precise /Zc:wchar_t /Zc:forScope /Fo"Debug\\" /Fd"Debug\vc100.pdb" /Gd /TP /analyze- /errorReport:prompt 7.cpp
         7.cpp
       Link:
         C:\Program Files (x86)\Microsoft Visual Studio 10.0\VC\bin\link.exe /ERRORREPORT:PROMPT /OUT:"D:\Visual Studio 2010\Projects\DeQuy\Debug\DeQuy.exe" /NOLOGO kernel32.lib user32.lib gdi32.lib winspool.lib comdlg32.lib advapi32.lib shell32.lib ole32.lib oleaut32.lib uuid.lib odbc32.lib odbccp32.lib /MANIFEST /ManifestFile:"Debug\DeQuy.exe.intermediate.manifest" /MANIFESTUAC:"level='asInvoker' uiAccess='false'" /DEBUG /PDB:"D:\Visual Studio 2010\Projects\DeQuy\Debug\DeQuy.pdb" /TLBID:1 /DYNAMICBASE /NXCOMPAT /IMPLIB:"D:\Visual Studio 2010\Projects\DeQuy\Debug\DeQuy.lib" /MACHINE:X86 Debug\1.obj
         Debug\2.obj
         Debug\4.obj
         Debug\7.obj
         Debug\fibo.obj
         LINK : D:\Visual Studio 2010\Projects\DeQuy\Debug\DeQuy.exe not found or not built by the last incremental link; performing full link
         DeQuy.vcxproj -> D:\Visual Studio 2010\Projects\DeQuy\Debug\DeQuy.exe
       Manifest:
         C:\Program Files (x86)\Microsoft SDKs\Windows\v7.0A\bin\mt.exe /nologo /verbose /outputresource:"D:\Visual Studio 2010\Projects\DeQuy\Debug\DeQuy.exe;#1" /manifest Debug\DeQuy.exe.intermediate.manifest
       FinalizeBuildStatus:
         Deleting file "Debug\DeQuy.unsuccessfulbuild".
         Touching "Debug\DeQuy.lastbuildstate".
     1>Done Building Project "D:\Visual Studio 2010\Projects\DeQuy\DeQuy\DeQuy.vcxproj" (build target(s)).

Build succeeded.

Time Elapsed 00:00:00.61
