Build started 16/03/2021 4:47:53 PM.
     1>Project "D:\Visual Studio 2010\Projects\Emoihanoipho\Emoihanoipho\Emoihanoipho.vcxproj" on node 2 (build target(s)).
     1>InitializeBuildStatus:
         Creating "Debug\Emoihanoipho.unsuccessfulbuild" because "AlwaysCreate" was specified.
       ClCompile:
         C:\Program Files (x86)\Microsoft Visual Studio 10.0\VC\bin\CL.exe /c /Zi /clr /nologo /W3 /WX- /Od /Oy- /D _MBCS /Gm- /EHa /MDd /GS /fp:precise /Zc:wchar_t /Zc:forScope /Fo"Debug\\" /Fd"Debug\vc100.pdb" /Gd /TP /FU"C:\Program Files (x86)\Reference Assemblies\Microsoft\Framework\.NETFramework\v4.0\System.Core.dll" /FU"C:\Program Files (x86)\Reference Assemblies\Microsoft\Framework\.NETFramework\v4.0\System.Data.dll" /FU"C:\Program Files (x86)\Reference Assemblies\Microsoft\Framework\.NETFramework\v4.0\System.dll" /FU"C:\Program Files (x86)\Reference Assemblies\Microsoft\Framework\.NETFramework\v4.0\System.Drawing.dll" /FU"C:\Program Files (x86)\Reference Assemblies\Microsoft\Framework\.NETFramework\v4.0\System.Windows.Forms.dll" /FU"C:\Program Files (x86)\Reference Assemblies\Microsoft\Framework\.NETFramework\v4.0\System.Xml.dll" /analyze- /errorReport:prompt BTH.cpp
         BTH.cpp
     1>c:\program files (x86)\reference assemblies\microsoft\framework\.netframework\v4.0\system.core.dll : warning C4945: 'ExtensionAttribute' : cannot import symbol from 'c:\program files (x86)\reference assemblies\microsoft\framework\.netframework\v4.0\system.core.dll': as 'System::Runtime::CompilerServices::ExtensionAttribute' has already been imported from another assembly 'mscorlib'
                 c:\windows\microsoft.net\framework\v4.0.30319\mscorlib.dll : see declaration of 'System::Runtime::CompilerServices::ExtensionAttribute'
                 first seen type is used; re-order imported assemblies to use the current type
                 This diagnostic occurred while importing type 'System.Runtime.CompilerServices.ExtensionAttribute' from assembly 'System.Core, Version=4.0.0.0, Culture=neutral, PublicKeyToken=b77a5c561934e089'.
       Link:
         C:\Program Files (x86)\Microsoft Visual Studio 10.0\VC\bin\link.exe /ERRORREPORT:PROMPT /OUT:"D:\Visual Studio 2010\Projects\Emoihanoipho\Debug\Emoihanoipho.exe" /NOLOGO kernel32.lib user32.lib gdi32.lib winspool.lib comdlg32.lib advapi32.lib shell32.lib ole32.lib oleaut32.lib uuid.lib odbc32.lib odbccp32.lib /MANIFEST /ManifestFile:"Debug\Emoihanoipho.exe.intermediate.manifest" /MANIFESTUAC:"level='asInvoker' uiAccess='false'" /DEBUG /PDB:"D:\Visual Studio 2010\Projects\Emoihanoipho\Debug\Emoihanoipho.pdb" /TLBID:1 /DYNAMICBASE /NXCOMPAT /IMPLIB:"D:\Visual Studio 2010\Projects\Emoihanoipho\Debug\Emoihanoipho.lib" /MACHINE:X86 Debug\BTH.obj
         Emoihanoipho.vcxproj -> D:\Visual Studio 2010\Projects\Emoihanoipho\Debug\Emoihanoipho.exe
       Manifest:
         C:\Program Files (x86)\Microsoft SDKs\Windows\v7.0A\bin\mt.exe /nologo /verbose /outputresource:"D:\Visual Studio 2010\Projects\Emoihanoipho\Debug\Emoihanoipho.exe;#1" /manifest Debug\Emoihanoipho.exe.intermediate.manifest
       FinalizeBuildStatus:
         Deleting file "Debug\Emoihanoipho.unsuccessfulbuild".
         Touching "Debug\Emoihanoipho.lastbuildstate".
     1>Done Building Project "D:\Visual Studio 2010\Projects\Emoihanoipho\Emoihanoipho\Emoihanoipho.vcxproj" (build target(s)).

Build succeeded.

Time Elapsed 00:00:00.98
